# JRE version: OpenJDK Runtime Environment (8.0_212-b04) (build 1.8.0_212-release-1586-b04)
# Java VM: OpenJDK 64-Bit Server VM (25.212-b04 mixed mode windows-amd64 compressed oops)
Heap:
 PSYoungGen      total 202752K, used 11811K [0x00000000e0000000, 0x00000000ef280000, 0x0000000100000000)
  eden space 183808K, 6% used [0x00000000e0000000,0x00000000e0b88ee8,0x00000000eb380000)
  from space 18944K, 0% used [0x00000000ec680000,0x00000000ec680000,0x00000000ed900000)
  to   space 19456K, 0% used [0x00000000eb380000,0x00000000eb380000,0x00000000ec680000)
 ParOldGen       total 86016K, used 29237K [0x00000000a0000000, 0x00000000a5400000, 0x00000000e0000000)
  object space 86016K, 33% used [0x00000000a0000000,0x00000000a1c8d538,0x00000000a5400000)
 Metaspace       used 57553K, capacity 59428K, committed 59560K, reserved 1099776K
  class space    used 7889K, capacity 8313K, committed 8360K, reserved 1048576K
GC Heap History (10 events):
Event: 7.082 GC heap before
{Heap before GC invocations=11 (full 2):
 PSYoungGen      total 122880K, used 9722K [0x00000000e0000000, 0x00000000eb200000, 0x0000000100000000)
  eden space 111104K, 0% used [0x00000000e0000000,0x00000000e0000000,0x00000000e6c80000)
  from space 11776K, 82% used [0x00000000e6c80000,0x00000000e75fe938,0x00000000e7800000)
  to   space 12288K, 0% used [0x00000000ea600000,0x00000000ea600000,0x00000000eb200000)
 ParOldGen       total 57344K, used 9282K [0x00000000a0000000, 0x00000000a3800000, 0x00000000e0000000)
  object space 57344K, 16% used [0x00000000a0000000,0x00000000a0910810,0x00000000a3800000)
 Metaspace       used 34490K, capacity 35450K, committed 35496K, reserved 1079296K
  class space    used 4736K, capacity 4998K, committed 5032K, reserved 1048576K
Event: 7.129 GC heap after
Heap after GC invocations=11 (full 2):
 PSYoungGen      total 122880K, used 0K [0x00000000e0000000, 0x00000000eb200000, 0x0000000100000000)
  eden space 111104K, 0% used [0x00000000e0000000,0x00000000e0000000,0x00000000e6c80000)
  from space 11776K, 0% used [0x00000000e6c80000,0x00000000e6c80000,0x00000000e7800000)
  to   space 12288K, 0% used [0x00000000ea600000,0x00000000ea600000,0x00000000eb200000)
 ParOldGen       total 86016K, used 16479K [0x00000000a0000000, 0x00000000a5400000, 0x00000000e0000000)
  object space 86016K, 19% used [0x00000000a0000000,0x00000000a1017cb8,0x00000000a5400000)
 Metaspace       used 34467K, capacity 35372K, committed 35496K, reserved 1079296K
  class space    used 4729K, capacity 4985K, committed 5032K, reserved 1048576K
}
Event: 9.141 GC heap before
{Heap before GC invocations=12 (full 2):
 PSYoungGen      total 122880K, used 111104K [0x00000000e0000000, 0x00000000eb200000, 0x0000000100000000)
  eden space 111104K, 100% used [0x00000000e0000000,0x00000000e6c80000,0x00000000e6c80000)
  from space 11776K, 0% used [0x00000000e6c80000,0x00000000e6c80000,0x00000000e7800000)
  to   space 12288K, 0% used [0x00000000ea600000,0x00000000ea600000,0x00000000eb200000)
 ParOldGen       total 86016K, used 16479K [0x00000000a0000000, 0x00000000a5400000, 0x00000000e0000000)
  object space 86016K, 19% used [0x00000000a0000000,0x00000000a1017cb8,0x00000000a5400000)
 Metaspace       used 44386K, capacity 45650K, committed 45992K, reserved 1089536K
  class space    used 5988K, capacity 6289K, committed 6312K, reserved 1048576K
Event: 9.158 GC heap after
Heap after GC invocations=12 (full 2):
 PSYoungGen      total 156160K, used 12263K [0x00000000e0000000, 0x00000000eb200000, 0x0000000100000000)
  eden space 143872K, 0% used [0x00000000e0000000,0x00000000e0000000,0x00000000e8c80000)
  from space 12288K, 99% used [0x00000000ea600000,0x00000000eb1f9f58,0x00000000eb200000)
  to   space 13824K, 0% used [0x00000000e9700000,0x00000000e9700000,0x00000000ea480000)
 ParOldGen       total 86016K, used 17700K [0x00000000a0000000, 0x00000000a5400000, 0x00000000e0000000)
  object space 86016K, 20% used [0x00000000a0000000,0x00000000a11492a8,0x00000000a5400000)
 Metaspace       used 44386K, capacity 45650K, committed 45992K, reserved 1089536K
  class space    used 5988K, capacity 6289K, committed 6312K, reserved 1048576K
}
Event: 12.772 GC heap before
{Heap before GC invocations=13 (full 2):
 PSYoungGen      total 156160K, used 156135K [0x00000000e0000000, 0x00000000eb200000, 0x0000000100000000)
  eden space 143872K, 100% used [0x00000000e0000000,0x00000000e8c80000,0x00000000e8c80000)
  from space 12288K, 99% used [0x00000000ea600000,0x00000000eb1f9f58,0x00000000eb200000)
  to   space 13824K, 0% used [0x00000000e9700000,0x00000000e9700000,0x00000000ea480000)
 ParOldGen       total 86016K, used 17700K [0x00000000a0000000, 0x00000000a5400000, 0x00000000e0000000)
  object space 86016K, 20% used [0x00000000a0000000,0x00000000a11492a8,0x00000000a5400000)
 Metaspace       used 56183K, capacity 58010K, committed 58024K, reserved 1099776K
  class space    used 7693K, capacity 8096K, committed 8104K, reserved 1048576K
Event: 12.802 GC heap after
Heap after GC invocations=13 (full 2):
 PSYoungGen      total 168448K, used 13813K [0x00000000e0000000, 0x00000000ed900000, 0x0000000100000000)
  eden space 154624K, 0% used [0x00000000e0000000,0x00000000e0000000,0x00000000e9700000)
  from space 13824K, 99% used [0x00000000e9700000,0x00000000ea47d418,0x00000000ea480000)
  to   space 18944K, 0% used [0x00000000ec680000,0x00000000ec680000,0x00000000ed900000)
 ParOldGen       total 86016K, used 26838K [0x00000000a0000000, 0x00000000a5400000, 0x00000000e0000000)
  object space 86016K, 31% used [0x00000000a0000000,0x00000000a1a35b10,0x00000000a5400000)
 Metaspace       used 56183K, capacity 58010K, committed 58024K, reserved 1099776K
  class space    used 7693K, capacity 8096K, committed 8104K, reserved 1048576K
}
Event: 13.137 GC heap before
{Heap before GC invocations=14 (full 2):
 PSYoungGen      total 168448K, used 31512K [0x00000000e0000000, 0x00000000ed900000, 0x0000000100000000)
  eden space 154624K, 11% used [0x00000000e0000000,0x00000000e1148ce0,0x00000000e9700000)
  from space 13824K, 99% used [0x00000000e9700000,0x00000000ea47d418,0x00000000ea480000)
  to   space 18944K, 0% used [0x00000000ec680000,0x00000000ec680000,0x00000000ed900000)
 ParOldGen       total 86016K, used 26838K [0x00000000a0000000, 0x00000000a5400000, 0x00000000e0000000)
  object space 86016K, 31% used [0x00000000a0000000,0x00000000a1a35b10,0x00000000a5400000)
 Metaspace       used 57205K, capacity 59024K, committed 59160K, reserved 1099776K
  class space    used 7838K, capacity 8271K, committed 8360K, reserved 1048576K
Event: 13.152 GC heap after
Heap after GC invocations=14 (full 2):
 PSYoungGen      total 202752K, used 1805K [0x00000000e0000000, 0x00000000ef280000, 0x0000000100000000)
  eden space 183808K, 0% used [0x00000000e0000000,0x00000000e0000000,0x00000000eb380000)
  from space 18944K, 9% used [0x00000000ec680000,0x00000000ec8435e0,0x00000000ed900000)
  to   space 19456K, 0% used [0x00000000eb380000,0x00000000eb380000,0x00000000ec680000)
 ParOldGen       total 86016K, used 34265K [0x00000000a0000000, 0x00000000a5400000, 0x00000000e0000000)
  object space 86016K, 39% used [0x00000000a0000000,0x00000000a2176670,0x00000000a5400000)
 Metaspace       used 57205K, capacity 59024K, committed 59160K, reserved 1099776K
  class space    used 7838K, capacity 8271K, committed 8360K, reserved 1048576K
}
Event: 13.152 GC heap before
{Heap before GC invocations=15 (full 3):
 PSYoungGen      total 202752K, used 1805K [0x00000000e0000000, 0x00000000ef280000, 0x0000000100000000)
  eden space 183808K, 0% used [0x00000000e0000000,0x00000000e0000000,0x00000000eb380000)
  from space 18944K, 9% used [0x00000000ec680000,0x00000000ec8435e0,0x00000000ed900000)
  to   space 19456K, 0% used [0x00000000eb380000,0x00000000eb380000,0x00000000ec680000)
 ParOldGen       total 86016K, used 34265K [0x00000000a0000000, 0x00000000a5400000, 0x00000000e0000000)
  object space 86016K, 39% used [0x00000000a0000000,0x00000000a2176670,0x00000000a5400000)
 Metaspace       used 57205K, capacity 59024K, committed 59160K, reserved 1099776K
  class space    used 7838K, capacity 8271K, committed 8360K, reserved 1048576K
Event: 13.491 GC heap after
Heap after GC invocations=15 (full 3):
 PSYoungGen      total 202752K, used 0K [0x00000000e0000000, 0x00000000ef280000, 0x0000000100000000)
  eden space 183808K, 0% used [0x00000000e0000000,0x00000000e0000000,0x00000000eb380000)
  from space 18944K, 0% used [0x00000000ec680000,0x00000000ec680000,0x00000000ed900000)
  to   space 19456K, 0% used [0x00000000eb380000,0x00000000eb380000,0x00000000ec680000)
 ParOldGen       total 86016K, used 29237K [0x00000000a0000000, 0x00000000a5400000, 0x00000000e0000000)
  object space 86016K, 33% used [0x00000000a0000000,0x00000000a1c8d538,0x00000000a5400000)
 Metaspace       used 57205K, capacity 59024K, committed 59160K, reserved 1099776K
  class space    used 7838K, capacity 8271K, committed 8360K, reserved 1048576K
}

