# JRE version: OpenJDK Runtime Environment (8.0_212-b04) (build 1.8.0_212-release-1586-b04)
# Java VM: OpenJDK 64-Bit Server VM (25.212-b04 mixed mode windows-amd64 compressed oops)
Heap:
 PSYoungGen      total 37888K, used 16277K [0x00000000e0000000, 0x00000000e3500000, 0x0000000100000000)
  eden space 32768K, 40% used [0x00000000e0000000,0x00000000e0d03b48,0x00000000e2000000)
  from space 5120K, 57% used [0x00000000e2080000,0x00000000e2361bc0,0x00000000e2580000)
  to   space 10752K, 0% used [0x00000000e2a80000,0x00000000e2a80000,0x00000000e3500000)
 ParOldGen       total 61440K, used 12522K [0x00000000a0000000, 0x00000000a3c00000, 0x00000000e0000000)
  object space 61440K, 20% used [0x00000000a0000000,0x00000000a0c3a808,0x00000000a3c00000)
 Metaspace       used 30563K, capacity 31192K, committed 31616K, reserved 1081344K
  class space    used 4147K, capacity 4371K, committed 4480K, reserved 1048576K
GC Heap History (10 events):
Event: 6.214 GC heap before
{Heap before GC invocations=7 (full 1):
 PSYoungGen      total 43520K, used 8704K [0x00000000e0000000, 0x00000000e3500000, 0x0000000100000000)
  eden space 32768K, 0% used [0x00000000e0000000,0x00000000e0000000,0x00000000e2000000)
  from space 10752K, 80% used [0x00000000e2a80000,0x00000000e33000d0,0x00000000e3500000)
  to   space 5120K, 0% used [0x00000000e2080000,0x00000000e2080000,0x00000000e2580000)
 ParOldGen       total 87552K, used 8439K [0x00000000a0000000, 0x00000000a5580000, 0x00000000e0000000)
  object space 87552K, 9% used [0x00000000a0000000,0x00000000a083dfc8,0x00000000a5580000)
 Metaspace       used 20714K, capacity 21214K, committed 21296K, reserved 1067008K
  class space    used 2988K, capacity 3165K, committed 3200K, reserved 1048576K
Event: 6.267 GC heap after
Heap after GC invocations=7 (full 1):
 PSYoungGen      total 43520K, used 0K [0x00000000e0000000, 0x00000000e3500000, 0x0000000100000000)
  eden space 32768K, 0% used [0x00000000e0000000,0x00000000e0000000,0x00000000e2000000)
  from space 10752K, 0% used [0x00000000e2a80000,0x00000000e2a80000,0x00000000e3500000)
  to   space 5120K, 0% used [0x00000000e2080000,0x00000000e2080000,0x00000000e2580000)
 ParOldGen       total 61440K, used 9593K [0x00000000a0000000, 0x00000000a3c00000, 0x00000000e0000000)
  object space 61440K, 15% used [0x00000000a0000000,0x00000000a095e478,0x00000000a3c00000)
 Metaspace       used 20714K, capacity 21214K, committed 21296K, reserved 1067008K
  class space    used 2988K, capacity 3165K, committed 3200K, reserved 1048576K
}
Event: 6.813 GC heap before
{Heap before GC invocations=8 (full 1):
 PSYoungGen      total 43520K, used 32768K [0x00000000e0000000, 0x00000000e3500000, 0x0000000100000000)
  eden space 32768K, 100% used [0x00000000e0000000,0x00000000e2000000,0x00000000e2000000)
  from space 10752K, 0% used [0x00000000e2a80000,0x00000000e2a80000,0x00000000e3500000)
  to   space 5120K, 0% used [0x00000000e2080000,0x00000000e2080000,0x00000000e2580000)
 ParOldGen       total 61440K, used 9593K [0x00000000a0000000, 0x00000000a3c00000, 0x00000000e0000000)
  object space 61440K, 15% used [0x00000000a0000000,0x00000000a095e478,0x00000000a3c00000)
 Metaspace       used 26344K, capacity 26940K, committed 27136K, reserved 1073152K
  class space    used 3547K, capacity 3747K, committed 3840K, reserved 1048576K
Event: 6.817 GC heap after
Heap after GC invocations=8 (full 1):
 PSYoungGen      total 37888K, used 4989K [0x00000000e0000000, 0x00000000e3500000, 0x0000000100000000)
  eden space 32768K, 0% used [0x00000000e0000000,0x00000000e0000000,0x00000000e2000000)
  from space 5120K, 97% used [0x00000000e2080000,0x00000000e255f7b8,0x00000000e2580000)
  to   space 10752K, 0% used [0x00000000e2a80000,0x00000000e2a80000,0x00000000e3500000)
 ParOldGen       total 61440K, used 9601K [0x00000000a0000000, 0x00000000a3c00000, 0x00000000e0000000)
  object space 61440K, 15% used [0x00000000a0000000,0x00000000a0960478,0x00000000a3c00000)
 Metaspace       used 26344K, capacity 26940K, committed 27136K, reserved 1073152K
  class space    used 3547K, capacity 3747K, committed 3840K, reserved 1048576K
}
Event: 7.121 GC heap before
{Heap before GC invocations=9 (full 1):
 PSYoungGen      total 37888K, used 27453K [0x00000000e0000000, 0x00000000e3500000, 0x0000000100000000)
  eden space 32768K, 68% used [0x00000000e0000000,0x00000000e15effb8,0x00000000e2000000)
  from space 5120K, 97% used [0x00000000e2080000,0x00000000e255f7b8,0x00000000e2580000)
  to   space 10752K, 0% used [0x00000000e2a80000,0x00000000e2a80000,0x00000000e3500000)
 ParOldGen       total 61440K, used 9601K [0x00000000a0000000, 0x00000000a3c00000, 0x00000000e0000000)
  object space 61440K, 15% used [0x00000000a0000000,0x00000000a0960478,0x00000000a3c00000)
 Metaspace       used 28136K, capacity 28756K, committed 28928K, reserved 1079296K
  class space    used 3849K, capacity 4071K, committed 4096K, reserved 1048576K
Event: 7.126 GC heap after
Heap after GC invocations=9 (full 1):
 PSYoungGen      total 43520K, used 5452K [0x00000000e0000000, 0x00000000e3500000, 0x0000000100000000)
  eden space 32768K, 0% used [0x00000000e0000000,0x00000000e0000000,0x00000000e2000000)
  from space 10752K, 50% used [0x00000000e2a80000,0x00000000e2fd31f0,0x00000000e3500000)
  to   space 5120K, 0% used [0x00000000e2080000,0x00000000e2080000,0x00000000e2580000)
 ParOldGen       total 61440K, used 9609K [0x00000000a0000000, 0x00000000a3c00000, 0x00000000e0000000)
  object space 61440K, 15% used [0x00000000a0000000,0x00000000a0962478,0x00000000a3c00000)
 Metaspace       used 28136K, capacity 28756K, committed 28928K, reserved 1079296K
  class space    used 3849K, capacity 4071K, committed 4096K, reserved 1048576K
}
Event: 7.126 GC heap before
{Heap before GC invocations=10 (full 2):
 PSYoungGen      total 43520K, used 5452K [0x00000000e0000000, 0x00000000e3500000, 0x0000000100000000)
  eden space 32768K, 0% used [0x00000000e0000000,0x00000000e0000000,0x00000000e2000000)
  from space 10752K, 50% used [0x00000000e2a80000,0x00000000e2fd31f0,0x00000000e3500000)
  to   space 5120K, 0% used [0x00000000e2080000,0x00000000e2080000,0x00000000e2580000)
 ParOldGen       total 61440K, used 9609K [0x00000000a0000000, 0x00000000a3c00000, 0x00000000e0000000)
  object space 61440K, 15% used [0x00000000a0000000,0x00000000a0962478,0x00000000a3c00000)
 Metaspace       used 28136K, capacity 28756K, committed 28928K, reserved 1079296K
  class space    used 3849K, capacity 4071K, committed 4096K, reserved 1048576K
Event: 7.155 GC heap after
Heap after GC invocations=10 (full 2):
 PSYoungGen      total 43520K, used 0K [0x00000000e0000000, 0x00000000e3500000, 0x0000000100000000)
  eden space 32768K, 0% used [0x00000000e0000000,0x00000000e0000000,0x00000000e2000000)
  from space 10752K, 0% used [0x00000000e2a80000,0x00000000e2a80000,0x00000000e3500000)
  to   space 5120K, 0% used [0x00000000e2080000,0x00000000e2080000,0x00000000e2580000)
 ParOldGen       total 61440K, used 12522K [0x00000000a0000000, 0x00000000a3c00000, 0x00000000e0000000)
  object space 61440K, 20% used [0x00000000a0000000,0x00000000a0c3a808,0x00000000a3c00000)
 Metaspace       used 28136K, capacity 28756K, committed 28928K, reserved 1077248K
  class space    used 3849K, capacity 4071K, committed 4096K, reserved 1048576K
}
Event: 7.476 GC heap before
{Heap before GC invocations=11 (full 2):
 PSYoungGen      total 43520K, used 32768K [0x00000000e0000000, 0x00000000e3500000, 0x0000000100000000)
  eden space 32768K, 100% used [0x00000000e0000000,0x00000000e2000000,0x00000000e2000000)
  from space 10752K, 0% used [0x00000000e2a80000,0x00000000e2a80000,0x00000000e3500000)
  to   space 5120K, 0% used [0x00000000e2080000,0x00000000e2080000,0x00000000e2580000)
 ParOldGen       total 61440K, used 12522K [0x00000000a0000000, 0x00000000a3c00000, 0x00000000e0000000)
  object space 61440K, 20% used [0x00000000a0000000,0x00000000a0c3a808,0x00000000a3c00000)
 Metaspace       used 29967K, capacity 30614K, committed 30976K, reserved 1079296K
  class space    used 4037K, capacity 4241K, committed 4352K, reserved 1048576K
Event: 7.479 GC heap after
Heap after GC invocations=11 (full 2):
 PSYoungGen      total 37888K, used 2950K [0x00000000e0000000, 0x00000000e3500000, 0x0000000100000000)
  eden space 32768K, 0% used [0x00000000e0000000,0x00000000e0000000,0x00000000e2000000)
  from space 5120K, 57% used [0x00000000e2080000,0x00000000e2361bc0,0x00000000e2580000)
  to   space 10752K, 0% used [0x00000000e2a80000,0x00000000e2a80000,0x00000000e3500000)
 ParOldGen       total 61440K, used 12522K [0x00000000a0000000, 0x00000000a3c00000, 0x00000000e0000000)
  object space 61440K, 20% used [0x00000000a0000000,0x00000000a0c3a808,0x00000000a3c00000)
 Metaspace       used 29967K, capacity 30614K, committed 30976K, reserved 1079296K
  class space    used 4037K, capacity 4241K, committed 4352K, reserved 1048576K
}

